1512259204 Sorting with reverseSelectionSort
	  50  30  66  10  168  45  99  20  
  Pass 1: 10  50  66  30  168  45  99  20  
  Pass 2: 10  20  66  50  168  45  99  30  
  Pass 3: 10  20  30  66  168  50  99  45  
  Pass 4: 10  20  30  45  168  66  99  50  
  Pass 5: 10  20  30  45  50  168  99  66  
  Pass 6: 10  20  30  45  50  66  168  99  
  Pass 7: 10  20  30  45  50  66  99  168  
  Pass 8: 10  20  30  45  50  66  99  168  

1512259331 Sorting with reverseBubbleSort
	  50  30  66  10  168  45  99  20  
  Pass 1: 50  66  30  168  45  99  20  10  
  Pass 2: 66  50  168  45  99  30  20  10  
  Pass 3: 66  168  50  99  45  30  20  10  
  Pass 4: 168  66  99  50  45  30  20  10  
  Pass 5: 168  99  66  50  45  30  20  10  
  Pass 6: 168  99  66  50  45  30  20  10  
  Pass 7: 168  99  66  50  45  30  20  10  
  Pass 8: 168  99  66  50  45  30  20  10  
  Pass 9: 168  99  66  50  45  30  20  10  

1512259331 Sorting with reverseSelectionSort
	  168  99  66  50  45  30  20  10  
  Pass 1: 10  168  99  66  50  45  30  20  
  Pass 2: 10  20  168  99  66  50  45  30  
  Pass 3: 10  20  30  168  99  66  50  45  
  Pass 4: 10  20  30  45  168  99  66  50  
  Pass 5: 10  20  30  45  50  168  99  66  
  Pass 6: 10  20  30  45  50  66  168  99  
  Pass 7: 10  20  30  45  50  66  99  168  
  Pass 8: 10  20  30  45  50  66  99  168  

1512259350 Sorting with reverseBubbleSort
	  50  30  66  10  168  45  99  20  
  Pass 1: 50  66  30  168  45  99  20  10  
  Pass 2: 66  50  168  45  99  30  20  10  
  Pass 3: 66  168  50  99  45  30  20  10  
  Pass 4: 168  66  99  50  45  30  20  10  
  Pass 5: 168  99  66  50  45  30  20  10  
  Pass 6: 168  99  66  50  45  30  20  10  
  Pass 7: 168  99  66  50  45  30  20  10  
  Pass 8: 168  99  66  50  45  30  20  10  
  Pass 9: 168  99  66  50  45  30  20  10  

1512259350 Sorting with reverseSelectionSort
	  168  99  66  50  45  30  20  10  
  Pass 1: 10  168  99  66  50  45  30  20  
  Pass 2: 10  20  168  99  66  50  45  30  
  Pass 3: 10  20  30  168  99  66  50  45  
  Pass 4: 10  20  30  45  168  99  66  50  
  Pass 5: 10  20  30  45  50  168  99  66  
  Pass 6: 10  20  30  45  50  66  168  99  
  Pass 7: 10  20  30  45  50  66  99  168  
  Pass 8: 10  20  30  45  50  66  99  168  

1512259494 Sorting with reverseBubbleSort
	  50  30  66  10  168  45  99  20  
  Pass 1: 50  66  30  168  45  99  20  10  
  Pass 2: 66  50  168  45  99  30  20  10  
  Pass 3: 66  168  50  99  45  30  20  10  
  Pass 4: 168  66  99  50  45  30  20  10  
  Pass 5: 168  99  66  50  45  30  20  10  
  Pass 6: 168  99  66  50  45  30  20  10  
  Pass 7: 168  99  66  50  45  30  20  10  
  Pass 8: 168  99  66  50  45  30  20  10  
  Pass 9: 168  99  66  50  45  30  20  10  

1512259494 Sorting with reverseSelectionSort
	  168  99  66  50  45  30  20  10  
  Pass 1: 168  99  66  50  45  30  20  10  
  Pass 2: 168  99  66  50  45  30  20  10  
  Pass 3: 168  99  66  50  45  30  20  10  
  Pass 4: 168  99  66  50  45  30  20  10  
  Pass 5: 168  99  66  50  45  30  20  10  
  Pass 6: 168  99  66  50  45  30  20  10  
  Pass 7: 168  99  66  50  45  30  20  10  
  Pass 8: 168  99  66  50  45  30  20  10  

1512259925 Sorting with reverseBubbleSort
	  50  30  66  10  168  45  99  20  
  Pass 1: 50  66  30  168  45  99  20  10  
  Pass 2: 66  50  168  45  99  30  20  10  
  Pass 3: 66  168  50  99  45  30  20  10  
  Pass 4: 168  66  99  50  45  30  20  10  
  Pass 5: 168  99  66  50  45  30  20  10  
  Pass 6: 168  99  66  50  45  30  20  10  
  Pass 7: 168  99  66  50  45  30  20  10  
  Pass 8: 168  99  66  50  45  30  20  10  
  Pass 9: 168  99  66  50  45  30  20  10  

1512259925 Sorting with reverseSelectionSort
	  50  30  66  10  168  45  99  20  
  Pass 1: 168  30  50  10  66  45  99  20  
  Pass 2: 168  99  30  10  50  45  66  20  
  Pass 3: 168  99  66  10  30  45  50  20  
  Pass 4: 168  99  66  50  10  30  45  20  
  Pass 5: 168  99  66  50  45  10  30  20  
  Pass 6: 168  99  66  50  45  30  10  20  
  Pass 7: 168  99  66  50  45  30  20  10  
  Pass 8: 168  99  66  50  45  30  20  10  

1512260242 Sorting with reverseBubbleSort
	  50  30  66  10  168  45  99  20  
  Pass 1: 50  66  30  168  45  99  20  10  
  Pass 2: 66  50  168  45  99  30  20  10  
  Pass 3: 66  168  50  99  45  30  20  10  
  Pass 4: 168  66  99  50  45  30  20  10  
  Pass 5: 168  99  66  50  45  30  20  10  
  Pass 6: 168  99  66  50  45  30  20  10  
  Pass 7: 168  99  66  50  45  30  20  10  
  Pass 8: 168  99  66  50  45  30  20  10  
  Pass 9: 168  99  66  50  45  30  20  10  

1512260242 Sorting with reverseSelectionSort
	  50  30  66  10  168  45  99  20  
  Pass 1: 168  30  50  10  66  45  99  20  
  Pass 2: 168  99  30  10  50  45  66  20  
  Pass 3: 168  99  66  10  30  45  50  20  
  Pass 4: 168  99  66  50  10  30  45  20  
  Pass 5: 168  99  66  50  45  10  30  20  
  Pass 6: 168  99  66  50  45  30  10  20  
  Pass 7: 168  99  66  50  45  30  20  10  
  Pass 8: 168  99  66  50  45  30  20  10  

1512260278 Sorting with reverseBubbleSort
	  50  30  66  10  168  45  99  20  
  Pass 1: 50  66  30  168  45  99  20  10  
  Pass 2: 66  50  168  45  99  30  20  10  
  Pass 3: 66  168  50  99  45  30  20  10  
  Pass 4: 168  66  99  50  45  30  20  10  
  Pass 5: 168  99  66  50  45  30  20  10  
  Pass 6: 168  99  66  50  45  30  20  10  
  Pass 7: 168  99  66  50  45  30  20  10  
  Pass 8: 168  99  66  50  45  30  20  10  
  Pass 9: 168  99  66  50  45  30  20  10  

1512260278 Sorting with reverseSelectionSort
	  50  30  66  10  168  45  99  20  
  Pass 1: 168  30  50  10  66  45  99  20  
  Pass 2: 168  99  30  10  50  45  66  20  
  Pass 3: 168  99  66  10  30  45  50  20  
  Pass 4: 168  99  66  50  10  30  45  20  
  Pass 5: 168  99  66  50  45  10  30  20  
  Pass 6: 168  99  66  50  45  30  10  20  
  Pass 7: 168  99  66  50  45  30  20  10  
  Pass 8: 168  99  66  50  45  30  20  10  

